#
# A fatal error has been detected by the Java Runtime Environment:
#
#  EXCEPTION_ACCESS_VIOLATION (0xc0000005) at pc=0x00007ffb2d3cecb8, pid=9748, tid=0x00000000000008d4
#
# JRE version: Java(TM) SE Runtime Environment (8.0_181-b13) (build 1.8.0_181-b13)
# Java VM: Java HotSpot(TM) 64-Bit Server VM (25.181-b13 mixed mode windows-amd64 compressed oops)
# Problematic frame:
# C  [ntdll.dll+0xecb8]
#
# Failed to write core dump. Minidumps are not enabled by default on client versions of Windows
#
# If you would like to submit a bug report, please visit:
#   http://bugreport.java.com/bugreport/crash.jsp
# The crash happened outside the Java Virtual Machine in native code.
# See problematic frame for where to report the bug.
#

---------------  T H R E A D  ---------------

Current thread (0x0000000019ed3000):  JavaThread "Thread-3" [_thread_in_native, id=2260, stack(0x0000000022380000,0x0000000022480000)]

siginfo: ExceptionCode=0xc0000005, reading address 0x00007ffaf72d1124

Registers:
RAX=0x0000000000002c49, RBX=0x000000002247e150, RCX=0x000000000000b130, RDX=0x0000000000000ec4
RSP=0x000000002247db30, RBP=0x0000000000000000, RSI=0x00007ffaf72c6000, RDI=0x00000000000154c9
R8 =0x00007ffaf7140000, R9 =0x000000000000000c, R10=0x000000000000000c, R11=0x00007ffb2d52f4e0
R12=0x00007ffaf71554c9, R13=0x000000002247e770, R14=0x000000002247dbd8, R15=0x000000002247ea90
RIP=0x00007ffb2d3cecb8, EFLAGS=0x0000000000010206

Top of Stack: (sp=0x000000002247db30)
0x000000002247db30:   000000002247e150 0000000000000000
0x000000002247db40:   0000000000000000 000000002247e770
0x000000002247db50:   00007ffaf72c6000 00007ffaf7140000
0x000000002247db60:   0000b13000197000 000000002247dc80
0x000000002247db70:   000000002247e150 00007ffb2d3cd57a
0x000000002247db80:   000000002247dc80 000000002247e280
0x000000002247db90:   00007ffb2d521dd4 0000000000000000
0x000000002247dba0:   0000000000000000 0000000000000000
0x000000002247dbb0:   00000000170e3998 0000000000000000
0x000000002247dbc0:   0000000000000000 00007ffb2d521dd4
0x000000002247dbd0:   0000000000000000 00007ffaf7140000
0x000000002247dbe0:   000000002247ea90 0000000000000000
0x000000002247dbf0:   0000000000000000 0000000016eeefc0
0x000000002247dc00:   000000002247e770 0000000000000000
0x000000002247dc10:   000000002247e150 000000002247e280
0x000000002247dc20:   0000000022475000 0000000022480000 

Instructions: (pc=0x00007ffb2d3cecb8)
0x00007ffb2d3cec98:   aa 4c 8b 44 24 28 33 ed 48 f7 e1 4d 89 06 48 c1
0x00007ffb2d3ceca8:   ea 03 85 d2 74 60 8d 42 ff 49 2b f8 48 8d 04 40
0x00007ffb2d3cecb8:   44 8b 1c 86 4c 8d 14 86 49 3b fb 73 35 44 8d 42
0x00007ffb2d3cecc8:   fe 44 8b cd 45 85 c0 78 29 43 8d 04 08 d1 f8 48 


Register to memory mapping:

RAX=0x0000000000002c49 is an unknown value
RBX=0x000000002247e150 is pointing into the stack for thread: 0x0000000019ed3000
RCX=0x000000000000b130 is an unknown value
RDX=0x0000000000000ec4 is an unknown value
RSP=0x000000002247db30 is pointing into the stack for thread: 0x0000000019ed3000
RBP=0x0000000000000000 is an unknown value
RSI=0x00007ffaf72c6000 is an unknown value
RDI=0x00000000000154c9 is an unknown value
R8 =0x00007ffaf7140000 is an unknown value
R9 =0x000000000000000c is an unknown value
R10=0x000000000000000c is an unknown value
R11=0x00007ffb2d52f4e0 is an unknown value
R12=0x00007ffaf71554c9 is an unknown value
R13=0x000000002247e770 is pointing into the stack for thread: 0x0000000019ed3000
R14=0x000000002247dbd8 is pointing into the stack for thread: 0x0000000019ed3000
R15=0x000000002247ea90 is pointing into the stack for thread: 0x0000000019ed3000


Stack: [0x0000000022380000,0x0000000022480000],  sp=0x000000002247db30,  free space=1014k
Native frames: (J=compiled Java code, j=interpreted, Vv=VM code, C=native code)

Java frames: (J=compiled Java code, j=interpreted, Vv=VM code)
j  sun.java2d.d3d.D3DSurfaceData.initOps(III)V+0
j  sun.java2d.d3d.D3DSurfaceData.<init>(Lsun/awt/windows/WComponentPeer;Lsun/java2d/d3d/D3DGraphicsConfig;IILjava/awt/Image;Ljava/awt/image/ColorModel;IILsun/java2d/pipe/hw/ExtendedBufferCapabilities$VSyncType;I)V+76
j  sun.java2d.d3d.D3DSurfaceData.createData(Lsun/awt/windows/WComponentPeer;Ljava/awt/Image;)Lsun/java2d/d3d/D3DSurfaceData;+117
j  sun.java2d.d3d.D3DVolatileSurfaceManager.initAcceleratedSurface()Lsun/java2d/SurfaceData;+59
j  sun.java2d.d3d.D3DVolatileSurfaceManager.restoreAcceleratedSurface()V+62
J 682 C1 sun.awt.image.VolatileSurfaceManager.validate(Ljava/awt/GraphicsConfiguration;)I (204 bytes) @ 0x0000000002a44c64 [0x0000000002a44620+0x644]
J 681 C1 sun.awt.image.SunVolatileImage.validate(Ljava/awt/GraphicsConfiguration;)I (9 bytes) @ 0x0000000002a419bc [0x0000000002a418c0+0xfc]
j  java.awt.Component$FlipBufferStrategy.revalidate(Z)V+82
j  java.awt.Component$FlipBufferStrategy.revalidate()V+2
j  java.awt.Component$FlipBufferStrategy.getDrawGraphics()Ljava/awt/Graphics;+1
j  com.gcstudios.main.Game.render()V+114
J 573% C2 com.gcstudios.main.Game.run()V (140 bytes) @ 0x0000000002a0f4f0 [0x0000000002a0f420+0xd0]
j  java.lang.Thread.run()V+11
v  ~StubRoutines::call_stub

---------------  P R O C E S S  ---------------

Java Threads: ( => current thread )
  0x0000000019fd5000 JavaThread "Thread-0" daemon [_thread_in_native, id=6996, stack(0x0000000023550000,0x0000000023650000)]
  0x00000000026b2800 JavaThread "DestroyJavaVM" [_thread_blocked, id=3840, stack(0x00000000025a0000,0x00000000026a0000)]
=>0x0000000019ed3000 JavaThread "Thread-3" [_thread_in_native, id=2260, stack(0x0000000022380000,0x0000000022480000)]
  0x0000000019e62800 JavaThread "AWT-EventQueue-0" [_thread_blocked, id=2952, stack(0x0000000021630000,0x0000000021730000)]
  0x0000000019129800 JavaThread "AWT-Shutdown" [_thread_blocked, id=4640, stack(0x0000000019640000,0x0000000019740000)]
  0x0000000019128800 JavaThread "Java2D Disposer" daemon [_thread_blocked, id=896, stack(0x0000000019490000,0x0000000019590000)]
  0x00000000173fc000 JavaThread "Service Thread" daemon [_thread_blocked, id=9208, stack(0x0000000019130000,0x0000000019230000)]
  0x00000000173b5800 JavaThread "C1 CompilerThread2" daemon [_thread_blocked, id=12068, stack(0x0000000018c30000,0x0000000018d30000)]
  0x00000000173a5000 JavaThread "C2 CompilerThread1" daemon [_thread_blocked, id=9496, stack(0x0000000018b30000,0x0000000018c30000)]
  0x00000000173a1000 JavaThread "C2 CompilerThread0" daemon [_thread_blocked, id=5940, stack(0x0000000018a30000,0x0000000018b30000)]
  0x000000001739f000 JavaThread "Attach Listener" daemon [_thread_blocked, id=1472, stack(0x0000000018930000,0x0000000018a30000)]
  0x000000001739d800 JavaThread "Signal Dispatcher" daemon [_thread_blocked, id=1152, stack(0x0000000018830000,0x0000000018930000)]
  0x00000000027ac000 JavaThread "Finalizer" daemon [_thread_blocked, id=11484, stack(0x0000000018610000,0x0000000018710000)]
  0x00000000027a2000 JavaThread "Reference Handler" daemon [_thread_blocked, id=8972, stack(0x0000000018510000,0x0000000018610000)]

Other Threads:
  0x0000000017367800 VMThread [stack: 0x0000000018410000,0x0000000018510000] [id=11864]
  0x00000000173fc800 WatcherThread [stack: 0x0000000019230000,0x0000000019330000] [id=7496]

VM state:not at safepoint (normal execution)

VM Mutex/Monitor currently owned by a thread: None

Heap:
 PSYoungGen      total 38400K, used 11992K [0x00000000d5980000, 0x00000000d8400000, 0x0000000100000000)
  eden space 33280K, 36% used [0x00000000d5980000,0x00000000d6536120,0x00000000d7a00000)
  from space 5120K, 0% used [0x00000000d7f00000,0x00000000d7f00000,0x00000000d8400000)
  to   space 5120K, 0% used [0x00000000d7a00000,0x00000000d7a00000,0x00000000d7f00000)
 ParOldGen       total 87552K, used 0K [0x0000000080c00000, 0x0000000086180000, 0x00000000d5980000)
  object space 87552K, 0% used [0x0000000080c00000,0x0000000080c00000,0x0000000086180000)
 Metaspace       used 10203K, capacity 10392K, committed 10624K, reserved 1058816K
  class space    used 1202K, capacity 1286K, committed 1408K, reserved 1048576K

Card table byte_map: [0x0000000011b80000,0x0000000011f80000] byte_map_base: 0x000000001177a000

Marking Bits: (ParMarkBitMap*) 0x0000000074022d00
 Begin Bits: [0x0000000012630000, 0x0000000014600000)
 End Bits:   [0x0000000014600000, 0x00000000165d0000)

Polling page: 0x00000000007e0000

CodeCache: size=245760Kb used=2639Kb max_used=2639Kb free=243120Kb
 bounds [0x00000000027c0000, 0x0000000002a60000, 0x00000000117c0000]
 total_blobs=1180 nmethods=696 adapters=397
 compilation: enabled

Compilation events (10 events):
Event: 5.030 Thread 0x00000000173b5800  691       3       sun.java2d.pipe.GlyphListPipe::drawString (202 bytes)
Event: 5.031 Thread 0x00000000173b5800 nmethod 691 0x0000000002a51410 code [0x0000000002a51640, 0x0000000002a52388]
Event: 5.045 Thread 0x00000000173b5800  693   !   3       sun.font.FontStrikeDesc::equals (53 bytes)
Event: 5.045 Thread 0x00000000173b5800 nmethod 693 0x0000000002a52890 code [0x0000000002a52a20, 0x0000000002a52e18]
Event: 5.428 Thread 0x00000000173b5800  694       3       java.util.TimSort::countRunAndMakeAscending (128 bytes)
Event: 5.429 Thread 0x00000000173b5800 nmethod 694 0x0000000002a53010 code [0x0000000002a53200, 0x0000000002a53ca8]
Event: 5.528 Thread 0x00000000173b5800  695       3       java.util.ArrayList::remove (77 bytes)
Event: 5.528 Thread 0x00000000173b5800 nmethod 695 0x0000000002a54190 code [0x0000000002a54340, 0x0000000002a54888]
Event: 5.528 Thread 0x00000000173b5800  696       3       java.util.ArrayList::fastRemove (57 bytes)
Event: 5.528 Thread 0x00000000173b5800 nmethod 696 0x0000000002a54ad0 code [0x0000000002a54c40, 0x0000000002a55028]

GC Heap History (0 events):
No events

Deoptimization events (3 events):
Event: 0.761 Thread 0x0000000019ed3000 Uncommon trap: reason=unstable_if action=reinterpret pc=0x00000000029ab79c method=com.gcstudios.main.Game.run()V @ 59
Event: 1.743 Thread 0x0000000019ed3000 Uncommon trap: reason=unstable_if action=reinterpret pc=0x00000000029af2cc method=com.gcstudios.main.Game.run()V @ 90
Event: 1.748 Thread 0x0000000019ed3000 Uncommon trap: reason=unstable_if action=reinterpret pc=0x00000000029f28f0 method=sun.awt.image.SurfaceManager.getManager(Ljava/awt/Image;)Lsun/awt/image/SurfaceManager; @ 9

Classes redefined (0 events):
No events

Internal exceptions (10 events):
Event: 0.040 Thread 0x00000000026b2800 Exception <a 'java/lang/NoSuchMethodError': Method sun.misc.Unsafe.prefetchRead(Ljava/lang/Object;J)V name or signature does not match> (0x00000000d5987f98) thrown at [C:\re\workspace\8-2-build-windows-amd64-cygwin\jdk8u181\11358\hotspot\src\share\vm\prim
Event: 0.117 Thread 0x00000000026b2800 Exception <a 'java/security/PrivilegedActionException'> (0x00000000d5a1d8a8) thrown at [C:\re\workspace\8-2-build-windows-amd64-cygwin\jdk8u181\11358\hotspot\src\share\vm\prims\jvm.cpp, line 1435]
Event: 0.117 Thread 0x00000000026b2800 Exception <a 'java/security/PrivilegedActionException'> (0x00000000d5a1dab8) thrown at [C:\re\workspace\8-2-build-windows-amd64-cygwin\jdk8u181\11358\hotspot\src\share\vm\prims\jvm.cpp, line 1435]
Event: 0.117 Thread 0x00000000026b2800 Exception <a 'java/security/PrivilegedActionException'> (0x00000000d5a219c8) thrown at [C:\re\workspace\8-2-build-windows-amd64-cygwin\jdk8u181\11358\hotspot\src\share\vm\prims\jvm.cpp, line 1435]
Event: 0.117 Thread 0x00000000026b2800 Exception <a 'java/security/PrivilegedActionException'> (0x00000000d5a21bd8) thrown at [C:\re\workspace\8-2-build-windows-amd64-cygwin\jdk8u181\11358\hotspot\src\share\vm\prims\jvm.cpp, line 1435]
Event: 0.125 Thread 0x00000000026b2800 Exception <a 'java/io/FileNotFoundException'> (0x00000000d5ace260) thrown at [C:\re\workspace\8-2-build-windows-amd64-cygwin\jdk8u181\11358\hotspot\src\share\vm\prims\jni.cpp, line 709]
Event: 0.159 Thread 0x00000000026b2800 Exception <a 'java/lang/NoSuchFieldError': method resolution failed> (0x00000000d5b9fa30) thrown at [C:\re\workspace\8-2-build-windows-amd64-cygwin\jdk8u181\11358\hotspot\src\share\vm\prims\methodHandles.cpp, line 1167]
Event: 0.162 Thread 0x00000000026b2800 Exception <a 'java/lang/NoSuchFieldError': method resolution failed> (0x00000000d5bace00) thrown at [C:\re\workspace\8-2-build-windows-amd64-cygwin\jdk8u181\11358\hotspot\src\share\vm\prims\methodHandles.cpp, line 1167]
Event: 0.214 Thread 0x00000000026b2800 Exception <a 'java/io/FileNotFoundException'> (0x00000000d5c47f68) thrown at [C:\re\workspace\8-2-build-windows-amd64-cygwin\jdk8u181\11358\hotspot\src\share\vm\prims\jni.cpp, line 709]
Event: 1.748 Thread 0x0000000019ed3000 Implicit null exception at 0x00000000029f0857 to 0x00000000029f28ad

Events (10 events):
Event: 5.585 loading class java/util/WeakHashMap$KeyIterator
Event: 5.585 Thread 0x0000000019fd6000 Thread exited: 0x0000000019fd6000
Event: 5.585 Thread 0x0000000019e72800 Thread exited: 0x0000000019e72800
Event: 5.585 loading class java/util/WeakHashMap$HashIterator
Event: 5.585 loading class java/util/WeakHashMap$HashIterator done
Event: 5.585 loading class java/util/WeakHashMap$KeyIterator done
Event: 5.586 Thread 0x0000000019fd4800 Thread exited: 0x0000000019fd4800
Event: 5.586 loading class sun/java2d/pipe/hw/AccelDeviceEventNotifier
Event: 5.586 loading class sun/java2d/pipe/hw/AccelDeviceEventNotifier done
Event: 5.610 Thread 0x00000000190b5000 Thread exited: 0x00000000190b5000


Dynamic libraries:
0x00007ff79cd60000 - 0x00007ff79cd97000 	C:\Program Files\Java\jdk1.8.0_181\bin\javaw.exe
0x00007ffb2d3c0000 - 0x00007ffb2d5a1000 	C:\Windows\SYSTEM32\ntdll.dll
0x00007ffb0d180000 - 0x00007ffb0d192000 	C:\Program Files\AVG\Antivirus\aswhook.dll
0x00007ffb2b5f0000 - 0x00007ffb2b6a1000 	C:\Windows\System32\KERNEL32.DLL
0x00007ffb2a370000 - 0x00007ffb2a5e3000 	C:\Windows\System32\KERNELBASE.dll
0x00007ffb2bd50000 - 0x00007ffb2bdf1000 	C:\Windows\System32\ADVAPI32.dll
0x00007ffb2aa20000 - 0x00007ffb2aabe000 	C:\Windows\System32\msvcrt.dll
0x00007ffb2bb20000 - 0x00007ffb2bb7b000 	C:\Windows\System32\sechost.dll
0x00007ffb2bbf0000 - 0x00007ffb2bd14000 	C:\Windows\System32\RPCRT4.dll
0x00007ffb2b100000 - 0x00007ffb2b290000 	C:\Windows\System32\USER32.dll
0x00007ffb29790000 - 0x00007ffb297b0000 	C:\Windows\System32\win32u.dll
0x00007ffb2a9f0000 - 0x00007ffb2aa18000 	C:\Windows\System32\GDI32.dll
0x00007ffb298d0000 - 0x00007ffb29a62000 	C:\Windows\System32\gdi32full.dll
0x00007ffb297b0000 - 0x00007ffb2984f000 	C:\Windows\System32\msvcp_win.dll
0x00007ffb2a750000 - 0x00007ffb2a848000 	C:\Windows\System32\ucrtbase.dll
0x00007ffb1c3f0000 - 0x00007ffb1c659000 	C:\Windows\WinSxS\amd64_microsoft.windows.common-controls_6595b64144ccf1df_6.0.17134.765_none_fb42a1a930655896\COMCTL32.dll
0x00007ffb2aac0000 - 0x00007ffb2ade2000 	C:\Windows\System32\combase.dll
0x00007ffb29850000 - 0x00007ffb298ca000 	C:\Windows\System32\bcryptPrimitives.dll
0x00007ffb2bd20000 - 0x00007ffb2bd4d000 	C:\Windows\System32\IMM32.DLL
0x00000000734c0000 - 0x0000000073592000 	C:\Program Files\Java\jdk1.8.0_181\jre\bin\msvcr100.dll
0x0000000073800000 - 0x00000000740a2000 	C:\Program Files\Java\jdk1.8.0_181\jre\bin\server\jvm.dll
0x00007ffb2bb10000 - 0x00007ffb2bb18000 	C:\Windows\System32\PSAPI.DLL
0x00007ffb1b160000 - 0x00007ffb1b169000 	C:\Windows\SYSTEM32\WSOCK32.dll
0x00007ffb2b400000 - 0x00007ffb2b46c000 	C:\Windows\System32\WS2_32.dll
0x00007ffb27970000 - 0x00007ffb27993000 	C:\Windows\SYSTEM32\WINMM.dll
0x00007ffb240c0000 - 0x00007ffb240ca000 	C:\Windows\SYSTEM32\VERSION.dll
0x00007ffb27940000 - 0x00007ffb2796a000 	C:\Windows\SYSTEM32\WINMMBASE.dll
0x00007ffb2a650000 - 0x00007ffb2a699000 	C:\Windows\System32\cfgmgr32.dll
0x00000000737f0000 - 0x00000000737ff000 	C:\Program Files\Java\jdk1.8.0_181\jre\bin\verify.dll
0x00000000737c0000 - 0x00000000737e9000 	C:\Program Files\Java\jdk1.8.0_181\jre\bin\java.dll
0x00000000737a0000 - 0x00000000737b6000 	C:\Program Files\Java\jdk1.8.0_181\jre\bin\zip.dll
0x00007ffb2bef0000 - 0x00007ffb2d330000 	C:\Windows\System32\SHELL32.dll
0x00007ffb2afb0000 - 0x00007ffb2b059000 	C:\Windows\System32\shcore.dll
0x00007ffb29c60000 - 0x00007ffb2a36d000 	C:\Windows\System32\windows.storage.dll
0x00007ffb2bb90000 - 0x00007ffb2bbe1000 	C:\Windows\System32\shlwapi.dll
0x00007ffb29770000 - 0x00007ffb29781000 	C:\Windows\System32\kernel.appcore.dll
0x00007ffb296e0000 - 0x00007ffb296ff000 	C:\Windows\System32\profapi.dll
0x00007ffb29700000 - 0x00007ffb2974c000 	C:\Windows\System32\powrprof.dll
0x00007ffb296d0000 - 0x00007ffb296da000 	C:\Windows\System32\FLTLIB.DLL
0x0000000073320000 - 0x00000000734b9000 	C:\Program Files\Java\jdk1.8.0_181\jre\bin\awt.dll
0x00007ffb2b2b0000 - 0x00007ffb2b372000 	C:\Windows\System32\OLEAUT32.dll
0x00007ffb27a60000 - 0x00007ffb27aeb000 	C:\Windows\SYSTEM32\apphelp.dll
0x00007ffb27e70000 - 0x00007ffb27e99000 	C:\Windows\system32\DWMAPI.DLL
0x00007ffb27be0000 - 0x00007ffb27c78000 	C:\Windows\system32\uxtheme.dll
0x00007ffb0d6c0000 - 0x00007ffb0d7e0000 	C:\Windows\system32\opengl32.dll
0x00007ffb1e3c0000 - 0x00007ffb1e3ec000 	C:\Windows\SYSTEM32\GLU32.dll
0x00007ffb2b470000 - 0x00007ffb2b5e3000 	C:\Windows\System32\MSCTF.dll
0x00007ffb2ae50000 - 0x00007ffb2afa1000 	C:\Windows\System32\ole32.dll
0x00007ffb29a70000 - 0x00007ffb29c52000 	C:\Windows\System32\crypt32.dll
0x00007ffb29750000 - 0x00007ffb29762000 	C:\Windows\System32\MSASN1.dll
0x00007ffb2a5f0000 - 0x00007ffb2a647000 	C:\Windows\System32\WINTRUST.DLL
0x00007ffb2b290000 - 0x00007ffb2b2ad000 	C:\Windows\System32\imagehlp.dll
0x00007ffb29100000 - 0x00007ffb29117000 	C:\Windows\SYSTEM32\CRYPTSP.dll
0x00007ffb28b30000 - 0x00007ffb28b63000 	C:\Windows\system32\rsaenh.dll
0x00007ffb29230000 - 0x00007ffb29255000 	C:\Windows\SYSTEM32\bcrypt.dll
0x00007ffb29120000 - 0x00007ffb2912b000 	C:\Windows\SYSTEM32\CRYPTBASE.dll
0x00007ffb28410000 - 0x00007ffb28432000 	C:\Windows\SYSTEM32\gpapi.dll
0x00007ffb238a0000 - 0x00007ffb238ce000 	C:\Windows\SYSTEM32\cryptnet.dll
0x00000000732d0000 - 0x0000000073317000 	C:\Program Files\Java\jdk1.8.0_181\jre\bin\fontmanager.dll
0x00007ffb222b0000 - 0x00007ffb22346000 	C:\Windows\System32\TextInputFramework.dll
0x00007ffb24520000 - 0x00007ffb2483e000 	C:\Windows\System32\CoreUIComponents.dll
0x00007ffb27220000 - 0x00007ffb272fa000 	C:\Windows\System32\CoreMessaging.dll
0x00007ffb287c0000 - 0x00007ffb287f1000 	C:\Windows\SYSTEM32\ntmarta.dll
0x00007ffb250e0000 - 0x00007ffb2522d000 	C:\Windows\SYSTEM32\wintypes.dll
0x00007ffb295d0000 - 0x00007ffb295f8000 	C:\Windows\SYSTEM32\USERENV.dll
0x0000000073780000 - 0x000000007379a000 	C:\Program Files\Java\jdk1.8.0_181\jre\bin\net.dll
0x00007ffb28f50000 - 0x00007ffb28fb6000 	C:\Windows\system32\mswsock.dll
0x00007ffb28cd0000 - 0x00007ffb28d08000 	C:\Windows\SYSTEM32\IPHLPAPI.DLL
0x00007ffb2bb80000 - 0x00007ffb2bb88000 	C:\Windows\System32\NSI.dll
0x00007ffb1d850000 - 0x00007ffb1d866000 	C:\Windows\SYSTEM32\dhcpcsvc6.DLL
0x00007ffb1d830000 - 0x00007ffb1d84a000 	C:\Windows\SYSTEM32\dhcpcsvc.DLL
0x0000000073760000 - 0x0000000073771000 	C:\Program Files\Java\jdk1.8.0_181\jre\bin\nio.dll
0x0000000073280000 - 0x00000000732c2000 	C:\Program Files\Java\jdk1.8.0_181\jre\bin\t2k.dll
0x00007ffb19c40000 - 0x00007ffb19e09000 	C:\Windows\SYSTEM32\dbghelp.dll

VM Arguments:
jvm_args: -Dfile.encoding=Cp1252 
java_command: com.gcstudios.main.Game
java_class_path (initial): C:\Program Files\Java\jdk1.8.0_181\jre\lib\resources.jar;C:\Program Files\Java\jdk1.8.0_181\jre\lib\rt.jar;C:\Program Files\Java\jdk1.8.0_181\jre\lib\jsse.jar;C:\Program Files\Java\jdk1.8.0_181\jre\lib\jce.jar;C:\Program Files\Java\jdk1.8.0_181\jre\lib\charsets.jar;C:\Program Files\Java\jdk1.8.0_181\jre\lib\jfr.jar;C:\Program Files\Java\jdk1.8.0_181\jre\lib\ext\access-bridge-64.jar;C:\Program Files\Java\jdk1.8.0_181\jre\lib\ext\cldrdata.jar;C:\Program Files\Java\jdk1.8.0_181\jre\lib\ext\dnsns.jar;C:\Program Files\Java\jdk1.8.0_181\jre\lib\ext\jaccess.jar;C:\Program Files\Java\jdk1.8.0_181\jre\lib\ext\jfxrt.jar;C:\Program Files\Java\jdk1.8.0_181\jre\lib\ext\localedata.jar;C:\Program Files\Java\jdk1.8.0_181\jre\lib\ext\nashorn.jar;C:\Program Files\Java\jdk1.8.0_181\jre\lib\ext\sunec.jar;C:\Program Files\Java\jdk1.8.0_181\jre\lib\ext\sunjce_provider.jar;C:\Program Files\Java\jdk1.8.0_181\jre\lib\ext\sunmscapi.jar;C:\Program Files\Java\jdk1.8.0_181\jre\lib\ext\sunpkcs11.jar;C:\Program Files\Java\jdk1.8.0_181\jre\lib\ext\zipfs.jar;C:\Users\leand\eclipse-workspace\Tower_Defense\bin
Launcher Type: SUN_STANDARD

Environment Variables:
JAVA_HOME=C:\Program Files (x86)\Java\jdk1.8.0_181
PATH=C:/Program Files/Java/jdk1.8.0_181/jre/bin/server;C:/Program Files/Java/jdk1.8.0_181/jre/bin;C:/Program Files/Java/jdk1.8.0_181/jre/lib/amd64;C:\Program Files (x86)\Common Files\Oracle\Java\javapath;C:\Windows\system32;C:\Windows;C:\Windows\System32\Wbem;C:\Windows\System32\WindowsPowerShell\v1.0\;C:\Windows\System32\OpenSSH\;C:\Program Files\Git\cmd;C:\Program Files\dotnet\;C:\Program Files\Microsoft SQL Server\130\Tools\Binn\;C:\Users\leand\AppData\Local\Microsoft\WindowsApps;;C:\Windows\System32;
USERNAME=leand
OS=Windows_NT
PROCESSOR_IDENTIFIER=Intel64 Family 6 Model 58 Stepping 9, GenuineIntel



---------------  S Y S T E M  ---------------

OS: Windows 10.0 , 64 bit Build 17134 (10.0.17134.753)

CPU:total 4 (initial active 4) (4 cores per cpu, 1 threads per core) family 6 model 58 stepping 9, cmov, cx8, fxsr, mmx, sse, sse2, sse3, ssse3, sse4.1, sse4.2, popcnt, avx, aes, clmul, erms, tsc, tscinvbit, tscinv

Memory: 4k page, physical 8331524k(3228692k free), swap 16950020k(9007588k free)

vm_info: Java HotSpot(TM) 64-Bit Server VM (25.181-b13) for windows-amd64 JRE (1.8.0_181-b13), built on Jul  7 2018 04:01:33 by "java_re" with MS VC++ 10.0 (VS2010)

time: Sat Jun 08 19:56:12 2019
elapsed time: 5 seconds (0d 0h 0m 5s)

